 * Serving Flask app 'flackt' (lazy loading)
 * Environment: development
 * Debug mode: on
 * Running on http://127.0.0.1:5000/ (Press CTRL+C to quit)
 * Restarting with stat
 * Debugger is active!
 * Debugger PIN: 872-801-053
 * Environment: production
   WARNING: This is a development server. Do not use it in a production deployment.
   Use a production WSGI server instead.
 * Debug mode: off
 * Running on http://127.0.0.1:5000/ (Press CTRL+C to quit)
 * Environment: production
   WARNING: This is a development server. Do not use it in a production deployment.
   Use a production WSGI server instead.
 * Debug mode: off
 * Running on http://127.0.0.1:5000/ (Press CTRL+C to quit)
import-im6.q16: not authorized `re' @ error/constitute.c/WriteImage/1037.
import-im6.q16: not authorized `sys' @ error/constitute.c/WriteImage/1037.
from: can't read /var/mail/flask.cli
/media/that-dude-jude/SHULE/FLASK/FLASK_PROJECTS/CS50FLASK/venv/bin/flask: flask: line 7: syntax error near unexpected token `('
/media/that-dude-jude/SHULE/FLASK/FLASK_PROJECTS/CS50FLASK/venv/bin/flask: flask: line 7: `    sys.argv[0] = re.sub(r'(-script\.pyw|\.exe)?$', '', sys.argv[0])'
 * Serving Flask app 'flackt' (lazy loading)
 * Environment: development
 * Debug mode: on
 * Running on http://127.0.0.1:5000/ (Press CTRL+C to quit)
 * Restarting with stat
 * Debugger is active!
 * Debugger PIN: 996-506-434
 * Serving Flask app 'flackt' (lazy loading)
 * Environment: development
 * Debug mode: on
 * Running on http://127.0.0.1:5000/ (Press CTRL+C to quit)
 * Restarting with stat
 * Debugger is active!
 * Debugger PIN: 974-819-492
 * Environment: production
   WARNING: This is a development server. Do not use it in a production deployment.
   Use a production WSGI server instead.
 * Debug mode: off
 * Running on http://127.0.0.1:5000/ (Press CTRL+C to quit)
